0 info it worked if it ends with ok
1 verbose cli [ '/home/mmit/bochatayy/bin/node-v4.3.2-linux-x64/bin/node',
1 verbose cli   '/home/mmit/bochatayy/bin/node-v4.3.2-linux-x64/bin/npm',
1 verbose cli   'version',
1 verbose cli   'patch' ]
2 info using npm@3.8.0
3 info using node@v4.3.2
4 info git [ 'status', '--porcelain' ]
5 verbose stack Error: Git working directory not clean.
5 verbose stack M .gitignore
5 verbose stack M package.json
5 verbose stack     at /home/mmit/bochatayy/bin/node-v4.3.2-linux-x64/lib/node_modules/npm/lib/version.js:246:19
5 verbose stack     at ChildProcess.exithandler (child_process.js:204:7)
5 verbose stack     at emitTwo (events.js:87:13)
5 verbose stack     at ChildProcess.emit (events.js:172:7)
5 verbose stack     at maybeClose (internal/child_process.js:821:16)
5 verbose stack     at Socket.<anonymous> (internal/child_process.js:319:11)
5 verbose stack     at emitOne (events.js:77:13)
5 verbose stack     at Socket.emit (events.js:169:7)
5 verbose stack     at Pipe._onclose (net.js:469:12)
6 verbose cwd /home/mmit/bochatayy/workspace/JSYG.Matrix
7 error Linux 3.14.43-server-1.mga4
8 error argv "/home/mmit/bochatayy/bin/node-v4.3.2-linux-x64/bin/node" "/home/mmit/bochatayy/bin/node-v4.3.2-linux-x64/bin/npm" "version" "patch"
9 error node v4.3.2
10 error npm  v3.8.0
11 error Git working directory not clean.
11 error M .gitignore
11 error M package.json
12 error If you need help, you may report this error at:
12 error     <https://github.com/npm/npm/issues>
13 verbose exit [ 1, true ]
